--------------- Build Started: 12/16/2023 02:14:41 Project: trash_can, Configuration: ARM GCC 4.9-2015-q1-update Debug ---------------
The code generation step is up to date.
arm-none-eabi-gcc.exe -mcpu=cortex-m3 -mthumb -Wno-main -I. -IGenerated_Source\PSoC5 -Wa,-alh=.\CortexM3\ARM_GCC_493\Debug/main.lst -g -D DEBUG -Wall -ffunction-sections -Og -ffat-lto-objects -c .\main.c -o .\CortexM3\ARM_GCC_493\Debug\main.o
.\main.c: In function 'main':
.\main.c:96:9: warning: implicit declaration of function 'abs' [-Wimplicit-function-declaration]
         converting_mode = rc_ch5.value < RC_CH5_THRESHOLD_VALUE && abs(abs(rc_ch5.value) - abs(RC_CH5_THRESHOLD_VALUE)) < abs((int) RC_CH5_THRESHOLD_VALUE) * 2;
         ^
.\main.c:150:13: warning: implicit declaration of function 'sprintf' [-Wimplicit-function-declaration]
             sprintf(debug, "[%ld] %d %d %d %d %d", MILLISECONDS, rc_ch1.value, rc_ch2.value, rc_ch3.value, rc_ch4.value, rc_ch5.value);
             ^
.\main.c:150:13: warning: incompatible implicit declaration of built-in function 'sprintf'
.\main.c:83:11: warning: unused variable 'start_time' [-Wunused-variable]
     float start_time = MILLISECONDS;
           ^
.\main.c:48:12: warning: unused variable 'prev_log_time_ms' [-Wunused-variable]
     uint32 prev_log_time_ms = MILLISECONDS;
            ^
.\main.c:47:12: warning: unused variable 'prev_time_ms' [-Wunused-variable]
     uint32 prev_time_ms = MILLISECONDS;
            ^
arm-none-eabi-ar.exe -rs .\CortexM3\ARM_GCC_493\Debug\trash_can.a .\CortexM3\ARM_GCC_493\Debug\cyfitter_cfg.o .\CortexM3\ARM_GCC_493\Debug\RC_Ch2_Timer.o .\CortexM3\ARM_GCC_493\Debug\RC_Ch2_Timer_PM.o .\CortexM3\ARM_GCC_493\Debug\RC_Ch2.o .\CortexM3\ARM_GCC_493\Debug\RC_Ch2_Timer_Interrupt.o .\CortexM3\ARM_GCC_493\Debug\RC_Ch1_Timer.o .\CortexM3\ARM_GCC_493\Debug\RC_Ch1_Timer_PM.o .\CortexM3\ARM_GCC_493\Debug\RC_Ch1.o .\CortexM3\ARM_GCC_493\Debug\RC_Ch1_Timer_Interrupt.o .\CortexM3\ARM_GCC_493\Debug\RC_Ch4_Timer.o .\CortexM3\ARM_GCC_493\Debug\RC_Ch4_Timer_PM.o .\CortexM3\ARM_GCC_493\Debug\RC_Ch4.o .\CortexM3\ARM_GCC_493\Debug\RC_Ch4_Timer_Interrupt.o .\CortexM3\ARM_GCC_493\Debug\RC_Ch3_Timer.o .\CortexM3\ARM_GCC_493\Debug\RC_Ch3_Timer_PM.o .\CortexM3\ARM_GCC_493\Debug\RC_Ch3.o .\CortexM3\ARM_GCC_493\Debug\RC_Ch3_Timer_Interrupt.o .\CortexM3\ARM_GCC_493\Debug\Clock.o .\CortexM3\ARM_GCC_493\Debug\Left_Drive_DC_Motor_PWM.o .\CortexM3\ARM_GCC_493\Debug\Left_Drive_DC_Motor_PWM_PM.o .\CortexM3\ARM_GCC_493\Debug\Left_Drive_DC_Motor_Direction.o .\CortexM3\ARM_GCC_493\Debug\CyBootAsmGnu.o .\CortexM3\ARM_GCC_493\Debug\CyDmac.o .\CortexM3\ARM_GCC_493\Debug\CyFlash.o .\CortexM3\ARM_GCC_493\Debug\CyLib.o .\CortexM3\ARM_GCC_493\Debug\cyPm.o .\CortexM3\ARM_GCC_493\Debug\CySpc.o .\CortexM3\ARM_GCC_493\Debug\cyutils.o .\CortexM3\ARM_GCC_493\Debug\Left_Drive_DC_Motor_Speed.o .\CortexM3\ARM_GCC_493\Debug\Status_LED.o .\CortexM3\ARM_GCC_493\Debug\Clock_Millis.o .\CortexM3\ARM_GCC_493\Debug\Clock_Millis_Interrupt.o .\CortexM3\ARM_GCC_493\Debug\USBUART.o .\CortexM3\ARM_GCC_493\Debug\USBUART_audio.o .\CortexM3\ARM_GCC_493\Debug\USBUART_boot.o .\CortexM3\ARM_GCC_493\Debug\USBUART_cdc.o .\CortexM3\ARM_GCC_493\Debug\USBUART_cls.o .\CortexM3\ARM_GCC_493\Debug\USBUART_descr.o .\CortexM3\ARM_GCC_493\Debug\USBUART_drv.o .\CortexM3\ARM_GCC_493\Debug\USBUART_episr.o .\CortexM3\ARM_GCC_493\Debug\USBUART_hid.o .\CortexM3\ARM_GCC_493\Debug\USBUART_pm.o .\CortexM3\ARM_GCC_493\Debug\USBUART_std.o .\CortexM3\ARM_GCC_493\Debug\USBUART_vnd.o .\CortexM3\ARM_GCC_493\Debug\USBUART_midi.o .\CortexM3\ARM_GCC_493\Debug\USBUART_msc.o .\CortexM3\ARM_GCC_493\Debug\USBUART_Dm.o .\CortexM3\ARM_GCC_493\Debug\USBUART_Dp.o .\CortexM3\ARM_GCC_493\Debug\Right_Drive_DC_Motor_PWM.o .\CortexM3\ARM_GCC_493\Debug\Right_Drive_DC_Motor_PWM_PM.o .\CortexM3\ARM_GCC_493\Debug\Right_Drive_DC_Motor_Speed.o .\CortexM3\ARM_GCC_493\Debug\Right_Drive_DC_Motor_Direction.o .\CortexM3\ARM_GCC_493\Debug\Center_Lift_DC_Motor_Direction_1.o .\CortexM3\ARM_GCC_493\Debug\Center_Lift_DC_Motor_Direction_2.o .\CortexM3\ARM_GCC_493\Debug\Shoulder_Cam_DC_Motor_Direction_2.o .\CortexM3\ARM_GCC_493\Debug\Shoulder_Cam_DC_Motor_Direction_1.o .\CortexM3\ARM_GCC_493\Debug\RC_Ch5_Timer.o .\CortexM3\ARM_GCC_493\Debug\RC_Ch5_Timer_PM.o .\CortexM3\ARM_GCC_493\Debug\RC_Ch5.o .\CortexM3\ARM_GCC_493\Debug\RC_Ch5_Timer_Interrupt.o .\CortexM3\ARM_GCC_493\Debug\Clock_1.o .\CortexM3\ARM_GCC_493\Debug\Head_Servo.o .\CortexM3\ARM_GCC_493\Debug\Head_Servo_PWM.o .\CortexM3\ARM_GCC_493\Debug\Head_Servo_PWM_PM.o
arm-none-eabi-ar.exe: creating .\CortexM3\ARM_GCC_493\Debug\trash_can.a
arm-none-eabi-gcc.exe -Wl,--start-group -o .\CortexM3\ARM_GCC_493\Debug\trash_can.elf .\CortexM3\ARM_GCC_493\Debug\main.o .\CortexM3\ARM_GCC_493\Debug\dc_motor.o .\CortexM3\ARM_GCC_493\Debug\milliseconds.o .\CortexM3\ARM_GCC_493\Debug\servo.o .\CortexM3\ARM_GCC_493\Debug\rc_ch.o .\CortexM3\ARM_GCC_493\Debug\cymetadata.o .\CortexM3\ARM_GCC_493\Debug\Cm3Start.o .\CortexM3\ARM_GCC_493\Debug\trash_can.a "C:\Program Files (x86)\Cypress\PSoC Creator\3.3\PSoC Creator\psoc\content\cycomponentlibrary\CyComponentLibrary.cylib\CortexM3\ARM_GCC_493\Debug\CyComponentLibrary.a" -mcpu=cortex-m3 -mthumb -g -ffunction-sections -Og -ffat-lto-objects -L Generated_Source\PSoC5 -Wl,-Map,.\CortexM3\ARM_GCC_493\Debug/trash_can.map -T Generated_Source\PSoC5\cm3gcc.ld -specs=nano.specs -Wl,--gc-sections -Wl,--end-group
cyelftool.exe -C "C:\Users\Michael\Dropbox (MIT)\College\MEng Year\6.330 - Power Electronics Laboratory\6.330 - Final Project\Software\PSoC Creator\trash_can\trash_can.cydsn\CortexM3\ARM_GCC_493\Debug\trash_can.elf" --flash_row_size 256 --flash_size 262144
cyelftool.exe -S "C:\Users\Michael\Dropbox (MIT)\College\MEng Year\6.330 - Power Electronics Laboratory\6.330 - Final Project\Software\PSoC Creator\trash_can\trash_can.cydsn\CortexM3\ARM_GCC_493\Debug\trash_can.elf"
Flash used: 16128 of 262144 bytes (6.2%).
SRAM used: 2917 of 65536 bytes (4.5%). Stack: 2048 bytes. Heap: 128 bytes.
--------------- Build Succeeded: 12/16/2023 02:14:42 ---------------
