ARM GAS  C:\Users\Michael\AppData\Local\Temp\ccSVDCsD.s 			page 1


   1              		.syntax unified
   2              		.cpu cortex-m3
   3              		.fpu softvfp
   4              		.eabi_attribute 20, 1
   5              		.eabi_attribute 21, 1
   6              		.eabi_attribute 23, 3
   7              		.eabi_attribute 24, 1
   8              		.eabi_attribute 25, 1
   9              		.eabi_attribute 26, 1
  10              		.eabi_attribute 30, 1
  11              		.eabi_attribute 34, 1
  12              		.eabi_attribute 18, 4
  13              		.thumb
  14              		.file	"milliseconds.c"
  15              		.text
  16              	.Ltext0:
  17              		.cfi_sections	.debug_frame
  18              		.section	.text.Millisecond_Interrupt,"ax",%progbits
  19              		.align	2
  20              		.global	Millisecond_Interrupt
  21              		.thumb
  22              		.thumb_func
  23              		.type	Millisecond_Interrupt, %function
  24              	Millisecond_Interrupt:
  25              	.LFB63:
  26              		.file 1 ".\\milliseconds.c"
   1:.\milliseconds.c **** /* ========================================
   2:.\milliseconds.c ****  * Copyright Wade Maxfield, 2020
   3:.\milliseconds.c ****  * All Rights Reserved
   4:.\milliseconds.c ****  * LICENSED SOFTWARE.
   5:.\milliseconds.c ****  *  Under the GPL v3 license
   6:.\milliseconds.c ****  * This license does not override previous licenses
   7:.\milliseconds.c ****  * Some information may be Proprietary to 
   8:.\milliseconds.c ****  * Cypress (http://www.cypress.com) for their
   9:.\milliseconds.c ****  * PSoC 5LP®--Cypress Semiconductor and
  10:.\milliseconds.c ****  * only usable on their devices.
  11:.\milliseconds.c ****  * PROPERTY OF Wade Maxfield.
  12:.\milliseconds.c ****  * Commercial license available
  13:.\milliseconds.c ****  * ========================================
  14:.\milliseconds.c **** */
  15:.\milliseconds.c **** #include "project.h"
  16:.\milliseconds.c **** 
  17:.\milliseconds.c **** volatile uint32 MILLISECONDS;
  18:.\milliseconds.c **** volatile uint16 ms, seconds, minutes, hours;
  19:.\milliseconds.c **** 
  20:.\milliseconds.c **** CY_ISR(Millisecond_Interrupt) {
  27              		.loc 1 20 0
  28              		.cfi_startproc
  29              		@ args = 0, pretend = 0, frame = 0
  30              		@ frame_needed = 0, uses_anonymous_args = 0
  31              		@ link register save eliminated.
  21:.\milliseconds.c ****     MILLISECONDS++;
  32              		.loc 1 21 0
  33 0000 164A     		ldr	r2, .L3
  34 0002 1368     		ldr	r3, [r2]
  35 0004 0133     		adds	r3, r3, #1
  36 0006 1360     		str	r3, [r2]
ARM GAS  C:\Users\Michael\AppData\Local\Temp\ccSVDCsD.s 			page 2


  22:.\milliseconds.c ****     
  23:.\milliseconds.c ****     if (++ms >= 1000){
  37              		.loc 1 23 0
  38 0008 154A     		ldr	r2, .L3+4
  39 000a 1388     		ldrh	r3, [r2]
  40 000c 0133     		adds	r3, r3, #1
  41 000e 9BB2     		uxth	r3, r3
  42 0010 1380     		strh	r3, [r2]	@ movhi
  43 0012 B3F57A7F 		cmp	r3, #1000
  44 0016 20D3     		bcc	.L1
  24:.\milliseconds.c ****         ms = 0;
  45              		.loc 1 24 0
  46 0018 0022     		movs	r2, #0
  47 001a 114B     		ldr	r3, .L3+4
  48 001c 1A80     		strh	r2, [r3]	@ movhi
  25:.\milliseconds.c ****         if (++seconds >= 60){
  49              		.loc 1 25 0
  50 001e 114A     		ldr	r2, .L3+8
  51 0020 1388     		ldrh	r3, [r2]
  52 0022 0133     		adds	r3, r3, #1
  53 0024 9BB2     		uxth	r3, r3
  54 0026 1380     		strh	r3, [r2]	@ movhi
  55 0028 3B2B     		cmp	r3, #59
  56 002a 16D9     		bls	.L1
  26:.\milliseconds.c ****             seconds = 0;
  57              		.loc 1 26 0
  58 002c 0022     		movs	r2, #0
  59 002e 0D4B     		ldr	r3, .L3+8
  60 0030 1A80     		strh	r2, [r3]	@ movhi
  27:.\milliseconds.c ****             if (++minutes >= 60) {
  61              		.loc 1 27 0
  62 0032 0D4A     		ldr	r2, .L3+12
  63 0034 1388     		ldrh	r3, [r2]
  64 0036 0133     		adds	r3, r3, #1
  65 0038 9BB2     		uxth	r3, r3
  66 003a 1380     		strh	r3, [r2]	@ movhi
  67 003c 3B2B     		cmp	r3, #59
  68 003e 0CD9     		bls	.L1
  28:.\milliseconds.c ****                 minutes = 0;
  69              		.loc 1 28 0
  70 0040 0022     		movs	r2, #0
  71 0042 094B     		ldr	r3, .L3+12
  72 0044 1A80     		strh	r2, [r3]	@ movhi
  29:.\milliseconds.c ****                 if (++hours >= 24){
  73              		.loc 1 29 0
  74 0046 094A     		ldr	r2, .L3+16
  75 0048 1388     		ldrh	r3, [r2]
  76 004a 0133     		adds	r3, r3, #1
  77 004c 9BB2     		uxth	r3, r3
  78 004e 1380     		strh	r3, [r2]	@ movhi
  79 0050 172B     		cmp	r3, #23
  80 0052 02D9     		bls	.L1
  30:.\milliseconds.c ****                     hours = 0;
  81              		.loc 1 30 0
  82 0054 0022     		movs	r2, #0
  83 0056 054B     		ldr	r3, .L3+16
  84 0058 1A80     		strh	r2, [r3]	@ movhi
ARM GAS  C:\Users\Michael\AppData\Local\Temp\ccSVDCsD.s 			page 3


  85              	.L1:
  86 005a 7047     		bx	lr
  87              	.L4:
  88              		.align	2
  89              	.L3:
  90 005c 00000000 		.word	MILLISECONDS
  91 0060 00000000 		.word	ms
  92 0064 00000000 		.word	seconds
  93 0068 00000000 		.word	minutes
  94 006c 00000000 		.word	hours
  95              		.cfi_endproc
  96              	.LFE63:
  97              		.size	Millisecond_Interrupt, .-Millisecond_Interrupt
  98              		.section	.text.init_milliseconds,"ax",%progbits
  99              		.align	2
 100              		.global	init_milliseconds
 101              		.thumb
 102              		.thumb_func
 103              		.type	init_milliseconds, %function
 104              	init_milliseconds:
 105              	.LFB64:
  31:.\milliseconds.c ****                 }
  32:.\milliseconds.c ****             }
  33:.\milliseconds.c ****         }
  34:.\milliseconds.c ****     }
  35:.\milliseconds.c **** }
  36:.\milliseconds.c **** 
  37:.\milliseconds.c **** void init_milliseconds() {
 106              		.loc 1 37 0
 107              		.cfi_startproc
 108              		@ args = 0, pretend = 0, frame = 0
 109              		@ frame_needed = 0, uses_anonymous_args = 0
 110 0000 08B5     		push	{r3, lr}
 111              		.cfi_def_cfa_offset 8
 112              		.cfi_offset 3, -8
 113              		.cfi_offset 14, -4
  38:.\milliseconds.c ****     Clock_Millis_Interrupt_StartEx(Millisecond_Interrupt);
 114              		.loc 1 38 0
 115 0002 0248     		ldr	r0, .L7
 116 0004 FFF7FEFF 		bl	Clock_Millis_Interrupt_StartEx
 117              	.LVL0:
 118 0008 08BD     		pop	{r3, pc}
 119              	.L8:
 120 000a 00BF     		.align	2
 121              	.L7:
 122 000c 00000000 		.word	Millisecond_Interrupt
 123              		.cfi_endproc
 124              	.LFE64:
 125              		.size	init_milliseconds, .-init_milliseconds
 126              		.comm	hours,2,2
 127              		.comm	minutes,2,2
 128              		.comm	seconds,2,2
 129              		.comm	ms,2,2
 130              		.comm	MILLISECONDS,4,4
 131              		.text
 132              	.Letext0:
 133              		.file 2 "c:\\program files (x86)\\cypress\\psoc creator\\3.3\\psoc creator\\import\\gnu\\arm\\4.9.
ARM GAS  C:\Users\Michael\AppData\Local\Temp\ccSVDCsD.s 			page 4


 134              		.file 3 "c:\\program files (x86)\\cypress\\psoc creator\\3.3\\psoc creator\\import\\gnu\\arm\\4.9.
 135              		.file 4 "Generated_Source\\PSoC5/cytypes.h"
 136              		.file 5 "Generated_Source\\PSoC5/core_cm3.h"
 137              		.file 6 "Generated_Source\\PSoC5/Clock_Millis_Interrupt.h"
 138              		.section	.debug_info,"",%progbits
 139              	.Ldebug_info0:
 140 0000 7B010000 		.4byte	0x17b
 141 0004 0400     		.2byte	0x4
 142 0006 00000000 		.4byte	.Ldebug_abbrev0
 143 000a 04       		.byte	0x4
 144 000b 01       		.uleb128 0x1
 145 000c 32010000 		.4byte	.LASF23
 146 0010 01       		.byte	0x1
 147 0011 24000000 		.4byte	.LASF24
 148 0015 35000000 		.4byte	.LASF25
 149 0019 00000000 		.4byte	.Ldebug_ranges0+0
 150 001d 00000000 		.4byte	0
 151 0021 00000000 		.4byte	.Ldebug_line0
 152 0025 02       		.uleb128 0x2
 153 0026 01       		.byte	0x1
 154 0027 06       		.byte	0x6
 155 0028 72020000 		.4byte	.LASF0
 156 002c 02       		.uleb128 0x2
 157 002d 01       		.byte	0x1
 158 002e 08       		.byte	0x8
 159 002f D7000000 		.4byte	.LASF1
 160 0033 02       		.uleb128 0x2
 161 0034 02       		.byte	0x2
 162 0035 05       		.byte	0x5
 163 0036 2A020000 		.4byte	.LASF2
 164 003a 02       		.uleb128 0x2
 165 003b 02       		.byte	0x2
 166 003c 07       		.byte	0x7
 167 003d F7000000 		.4byte	.LASF3
 168 0041 03       		.uleb128 0x3
 169 0042 1A000000 		.4byte	.LASF9
 170 0046 02       		.byte	0x2
 171 0047 3F       		.byte	0x3f
 172 0048 4C000000 		.4byte	0x4c
 173 004c 02       		.uleb128 0x2
 174 004d 04       		.byte	0x4
 175 004e 05       		.byte	0x5
 176 004f 34020000 		.4byte	.LASF4
 177 0053 02       		.uleb128 0x2
 178 0054 04       		.byte	0x4
 179 0055 07       		.byte	0x7
 180 0056 E5000000 		.4byte	.LASF5
 181 005a 02       		.uleb128 0x2
 182 005b 08       		.byte	0x8
 183 005c 05       		.byte	0x5
 184 005d 02020000 		.4byte	.LASF6
 185 0061 02       		.uleb128 0x2
 186 0062 08       		.byte	0x8
 187 0063 07       		.byte	0x7
 188 0064 CD010000 		.4byte	.LASF7
 189 0068 04       		.uleb128 0x4
 190 0069 04       		.byte	0x4
ARM GAS  C:\Users\Michael\AppData\Local\Temp\ccSVDCsD.s 			page 5


 191 006a 05       		.byte	0x5
 192 006b 696E7400 		.ascii	"int\000"
 193 006f 02       		.uleb128 0x2
 194 0070 04       		.byte	0x4
 195 0071 07       		.byte	0x7
 196 0072 C0010000 		.4byte	.LASF8
 197 0076 03       		.uleb128 0x3
 198 0077 F1010000 		.4byte	.LASF10
 199 007b 03       		.byte	0x3
 200 007c 2C       		.byte	0x2c
 201 007d 41000000 		.4byte	0x41
 202 0081 05       		.uleb128 0x5
 203 0082 24010000 		.4byte	.LASF11
 204 0086 04       		.byte	0x4
 205 0087 9301     		.2byte	0x193
 206 0089 3A000000 		.4byte	0x3a
 207 008d 05       		.uleb128 0x5
 208 008e 2B010000 		.4byte	.LASF12
 209 0092 04       		.byte	0x4
 210 0093 9401     		.2byte	0x194
 211 0095 53000000 		.4byte	0x53
 212 0099 02       		.uleb128 0x2
 213 009a 04       		.byte	0x4
 214 009b 04       		.byte	0x4
 215 009c D1000000 		.4byte	.LASF13
 216 00a0 02       		.uleb128 0x2
 217 00a1 08       		.byte	0x8
 218 00a2 04       		.byte	0x4
 219 00a3 1D010000 		.4byte	.LASF14
 220 00a7 02       		.uleb128 0x2
 221 00a8 01       		.byte	0x1
 222 00a9 08       		.byte	0x8
 223 00aa 18020000 		.4byte	.LASF15
 224 00ae 06       		.uleb128 0x6
 225 00af 81000000 		.4byte	0x81
 226 00b3 06       		.uleb128 0x6
 227 00b4 8D000000 		.4byte	0x8d
 228 00b8 05       		.uleb128 0x5
 229 00b9 E4010000 		.4byte	.LASF16
 230 00bd 04       		.byte	0x4
 231 00be 4E02     		.2byte	0x24e
 232 00c0 C4000000 		.4byte	0xc4
 233 00c4 07       		.uleb128 0x7
 234 00c5 04       		.byte	0x4
 235 00c6 CA000000 		.4byte	0xca
 236 00ca 08       		.uleb128 0x8
 237 00cb 02       		.uleb128 0x2
 238 00cc 04       		.byte	0x4
 239 00cd 07       		.byte	0x7
 240 00ce F9010000 		.4byte	.LASF17
 241 00d2 09       		.uleb128 0x9
 242 00d3 5C020000 		.4byte	.LASF26
 243 00d7 01       		.byte	0x1
 244 00d8 14       		.byte	0x14
 245 00d9 00000000 		.4byte	.LFB63
 246 00dd 70000000 		.4byte	.LFE63-.LFB63
 247 00e1 01       		.uleb128 0x1
ARM GAS  C:\Users\Michael\AppData\Local\Temp\ccSVDCsD.s 			page 6


 248 00e2 9C       		.byte	0x9c
 249 00e3 0A       		.uleb128 0xa
 250 00e4 08000000 		.4byte	.LASF27
 251 00e8 01       		.byte	0x1
 252 00e9 25       		.byte	0x25
 253 00ea 00000000 		.4byte	.LFB64
 254 00ee 10000000 		.4byte	.LFE64-.LFB64
 255 00f2 01       		.uleb128 0x1
 256 00f3 9C       		.byte	0x9c
 257 00f4 0C010000 		.4byte	0x10c
 258 00f8 0B       		.uleb128 0xb
 259 00f9 08000000 		.4byte	.LVL0
 260 00fd 71010000 		.4byte	0x171
 261 0101 0C       		.uleb128 0xc
 262 0102 01       		.uleb128 0x1
 263 0103 50       		.byte	0x50
 264 0104 05       		.uleb128 0x5
 265 0105 03       		.byte	0x3
 266 0106 00000000 		.4byte	Millisecond_Interrupt
 267 010a 00       		.byte	0
 268 010b 00       		.byte	0
 269 010c 0D       		.uleb128 0xd
 270 010d 0A010000 		.4byte	.LASF18
 271 0111 05       		.byte	0x5
 272 0112 9606     		.2byte	0x696
 273 0114 18010000 		.4byte	0x118
 274 0118 06       		.uleb128 0x6
 275 0119 76000000 		.4byte	0x76
 276 011d 0E       		.uleb128 0xe
 277 011e 1D020000 		.4byte	.LASF19
 278 0122 01       		.byte	0x1
 279 0123 11       		.byte	0x11
 280 0124 B3000000 		.4byte	0xb3
 281 0128 05       		.uleb128 0x5
 282 0129 03       		.byte	0x3
 283 012a 00000000 		.4byte	MILLISECONDS
 284 012e 0F       		.uleb128 0xf
 285 012f 6D7300   		.ascii	"ms\000"
 286 0132 01       		.byte	0x1
 287 0133 12       		.byte	0x12
 288 0134 AE000000 		.4byte	0xae
 289 0138 05       		.uleb128 0x5
 290 0139 03       		.byte	0x3
 291 013a 00000000 		.4byte	ms
 292 013e 0E       		.uleb128 0xe
 293 013f 10020000 		.4byte	.LASF20
 294 0143 01       		.byte	0x1
 295 0144 12       		.byte	0x12
 296 0145 AE000000 		.4byte	0xae
 297 0149 05       		.uleb128 0x5
 298 014a 03       		.byte	0x3
 299 014b 00000000 		.4byte	seconds
 300 014f 0E       		.uleb128 0xe
 301 0150 00000000 		.4byte	.LASF21
 302 0154 01       		.byte	0x1
 303 0155 12       		.byte	0x12
 304 0156 AE000000 		.4byte	0xae
ARM GAS  C:\Users\Michael\AppData\Local\Temp\ccSVDCsD.s 			page 7


 305 015a 05       		.uleb128 0x5
 306 015b 03       		.byte	0x3
 307 015c 00000000 		.4byte	minutes
 308 0160 0E       		.uleb128 0xe
 309 0161 17010000 		.4byte	.LASF22
 310 0165 01       		.byte	0x1
 311 0166 12       		.byte	0x12
 312 0167 AE000000 		.4byte	0xae
 313 016b 05       		.uleb128 0x5
 314 016c 03       		.byte	0x3
 315 016d 00000000 		.4byte	hours
 316 0171 10       		.uleb128 0x10
 317 0172 3D020000 		.4byte	.LASF28
 318 0176 06       		.byte	0x6
 319 0177 18       		.byte	0x18
 320 0178 11       		.uleb128 0x11
 321 0179 B8000000 		.4byte	0xb8
 322 017d 00       		.byte	0
 323 017e 00       		.byte	0
 324              		.section	.debug_abbrev,"",%progbits
 325              	.Ldebug_abbrev0:
 326 0000 01       		.uleb128 0x1
 327 0001 11       		.uleb128 0x11
 328 0002 01       		.byte	0x1
 329 0003 25       		.uleb128 0x25
 330 0004 0E       		.uleb128 0xe
 331 0005 13       		.uleb128 0x13
 332 0006 0B       		.uleb128 0xb
 333 0007 03       		.uleb128 0x3
 334 0008 0E       		.uleb128 0xe
 335 0009 1B       		.uleb128 0x1b
 336 000a 0E       		.uleb128 0xe
 337 000b 55       		.uleb128 0x55
 338 000c 17       		.uleb128 0x17
 339 000d 11       		.uleb128 0x11
 340 000e 01       		.uleb128 0x1
 341 000f 10       		.uleb128 0x10
 342 0010 17       		.uleb128 0x17
 343 0011 00       		.byte	0
 344 0012 00       		.byte	0
 345 0013 02       		.uleb128 0x2
 346 0014 24       		.uleb128 0x24
 347 0015 00       		.byte	0
 348 0016 0B       		.uleb128 0xb
 349 0017 0B       		.uleb128 0xb
 350 0018 3E       		.uleb128 0x3e
 351 0019 0B       		.uleb128 0xb
 352 001a 03       		.uleb128 0x3
 353 001b 0E       		.uleb128 0xe
 354 001c 00       		.byte	0
 355 001d 00       		.byte	0
 356 001e 03       		.uleb128 0x3
 357 001f 16       		.uleb128 0x16
 358 0020 00       		.byte	0
 359 0021 03       		.uleb128 0x3
 360 0022 0E       		.uleb128 0xe
 361 0023 3A       		.uleb128 0x3a
ARM GAS  C:\Users\Michael\AppData\Local\Temp\ccSVDCsD.s 			page 8


 362 0024 0B       		.uleb128 0xb
 363 0025 3B       		.uleb128 0x3b
 364 0026 0B       		.uleb128 0xb
 365 0027 49       		.uleb128 0x49
 366 0028 13       		.uleb128 0x13
 367 0029 00       		.byte	0
 368 002a 00       		.byte	0
 369 002b 04       		.uleb128 0x4
 370 002c 24       		.uleb128 0x24
 371 002d 00       		.byte	0
 372 002e 0B       		.uleb128 0xb
 373 002f 0B       		.uleb128 0xb
 374 0030 3E       		.uleb128 0x3e
 375 0031 0B       		.uleb128 0xb
 376 0032 03       		.uleb128 0x3
 377 0033 08       		.uleb128 0x8
 378 0034 00       		.byte	0
 379 0035 00       		.byte	0
 380 0036 05       		.uleb128 0x5
 381 0037 16       		.uleb128 0x16
 382 0038 00       		.byte	0
 383 0039 03       		.uleb128 0x3
 384 003a 0E       		.uleb128 0xe
 385 003b 3A       		.uleb128 0x3a
 386 003c 0B       		.uleb128 0xb
 387 003d 3B       		.uleb128 0x3b
 388 003e 05       		.uleb128 0x5
 389 003f 49       		.uleb128 0x49
 390 0040 13       		.uleb128 0x13
 391 0041 00       		.byte	0
 392 0042 00       		.byte	0
 393 0043 06       		.uleb128 0x6
 394 0044 35       		.uleb128 0x35
 395 0045 00       		.byte	0
 396 0046 49       		.uleb128 0x49
 397 0047 13       		.uleb128 0x13
 398 0048 00       		.byte	0
 399 0049 00       		.byte	0
 400 004a 07       		.uleb128 0x7
 401 004b 0F       		.uleb128 0xf
 402 004c 00       		.byte	0
 403 004d 0B       		.uleb128 0xb
 404 004e 0B       		.uleb128 0xb
 405 004f 49       		.uleb128 0x49
 406 0050 13       		.uleb128 0x13
 407 0051 00       		.byte	0
 408 0052 00       		.byte	0
 409 0053 08       		.uleb128 0x8
 410 0054 15       		.uleb128 0x15
 411 0055 00       		.byte	0
 412 0056 27       		.uleb128 0x27
 413 0057 19       		.uleb128 0x19
 414 0058 00       		.byte	0
 415 0059 00       		.byte	0
 416 005a 09       		.uleb128 0x9
 417 005b 2E       		.uleb128 0x2e
 418 005c 00       		.byte	0
ARM GAS  C:\Users\Michael\AppData\Local\Temp\ccSVDCsD.s 			page 9


 419 005d 3F       		.uleb128 0x3f
 420 005e 19       		.uleb128 0x19
 421 005f 03       		.uleb128 0x3
 422 0060 0E       		.uleb128 0xe
 423 0061 3A       		.uleb128 0x3a
 424 0062 0B       		.uleb128 0xb
 425 0063 3B       		.uleb128 0x3b
 426 0064 0B       		.uleb128 0xb
 427 0065 27       		.uleb128 0x27
 428 0066 19       		.uleb128 0x19
 429 0067 11       		.uleb128 0x11
 430 0068 01       		.uleb128 0x1
 431 0069 12       		.uleb128 0x12
 432 006a 06       		.uleb128 0x6
 433 006b 40       		.uleb128 0x40
 434 006c 18       		.uleb128 0x18
 435 006d 9742     		.uleb128 0x2117
 436 006f 19       		.uleb128 0x19
 437 0070 00       		.byte	0
 438 0071 00       		.byte	0
 439 0072 0A       		.uleb128 0xa
 440 0073 2E       		.uleb128 0x2e
 441 0074 01       		.byte	0x1
 442 0075 3F       		.uleb128 0x3f
 443 0076 19       		.uleb128 0x19
 444 0077 03       		.uleb128 0x3
 445 0078 0E       		.uleb128 0xe
 446 0079 3A       		.uleb128 0x3a
 447 007a 0B       		.uleb128 0xb
 448 007b 3B       		.uleb128 0x3b
 449 007c 0B       		.uleb128 0xb
 450 007d 11       		.uleb128 0x11
 451 007e 01       		.uleb128 0x1
 452 007f 12       		.uleb128 0x12
 453 0080 06       		.uleb128 0x6
 454 0081 40       		.uleb128 0x40
 455 0082 18       		.uleb128 0x18
 456 0083 9742     		.uleb128 0x2117
 457 0085 19       		.uleb128 0x19
 458 0086 01       		.uleb128 0x1
 459 0087 13       		.uleb128 0x13
 460 0088 00       		.byte	0
 461 0089 00       		.byte	0
 462 008a 0B       		.uleb128 0xb
 463 008b 898201   		.uleb128 0x4109
 464 008e 01       		.byte	0x1
 465 008f 11       		.uleb128 0x11
 466 0090 01       		.uleb128 0x1
 467 0091 31       		.uleb128 0x31
 468 0092 13       		.uleb128 0x13
 469 0093 00       		.byte	0
 470 0094 00       		.byte	0
 471 0095 0C       		.uleb128 0xc
 472 0096 8A8201   		.uleb128 0x410a
 473 0099 00       		.byte	0
 474 009a 02       		.uleb128 0x2
 475 009b 18       		.uleb128 0x18
ARM GAS  C:\Users\Michael\AppData\Local\Temp\ccSVDCsD.s 			page 10


 476 009c 9142     		.uleb128 0x2111
 477 009e 18       		.uleb128 0x18
 478 009f 00       		.byte	0
 479 00a0 00       		.byte	0
 480 00a1 0D       		.uleb128 0xd
 481 00a2 34       		.uleb128 0x34
 482 00a3 00       		.byte	0
 483 00a4 03       		.uleb128 0x3
 484 00a5 0E       		.uleb128 0xe
 485 00a6 3A       		.uleb128 0x3a
 486 00a7 0B       		.uleb128 0xb
 487 00a8 3B       		.uleb128 0x3b
 488 00a9 05       		.uleb128 0x5
 489 00aa 49       		.uleb128 0x49
 490 00ab 13       		.uleb128 0x13
 491 00ac 3F       		.uleb128 0x3f
 492 00ad 19       		.uleb128 0x19
 493 00ae 3C       		.uleb128 0x3c
 494 00af 19       		.uleb128 0x19
 495 00b0 00       		.byte	0
 496 00b1 00       		.byte	0
 497 00b2 0E       		.uleb128 0xe
 498 00b3 34       		.uleb128 0x34
 499 00b4 00       		.byte	0
 500 00b5 03       		.uleb128 0x3
 501 00b6 0E       		.uleb128 0xe
 502 00b7 3A       		.uleb128 0x3a
 503 00b8 0B       		.uleb128 0xb
 504 00b9 3B       		.uleb128 0x3b
 505 00ba 0B       		.uleb128 0xb
 506 00bb 49       		.uleb128 0x49
 507 00bc 13       		.uleb128 0x13
 508 00bd 3F       		.uleb128 0x3f
 509 00be 19       		.uleb128 0x19
 510 00bf 02       		.uleb128 0x2
 511 00c0 18       		.uleb128 0x18
 512 00c1 00       		.byte	0
 513 00c2 00       		.byte	0
 514 00c3 0F       		.uleb128 0xf
 515 00c4 34       		.uleb128 0x34
 516 00c5 00       		.byte	0
 517 00c6 03       		.uleb128 0x3
 518 00c7 08       		.uleb128 0x8
 519 00c8 3A       		.uleb128 0x3a
 520 00c9 0B       		.uleb128 0xb
 521 00ca 3B       		.uleb128 0x3b
 522 00cb 0B       		.uleb128 0xb
 523 00cc 49       		.uleb128 0x49
 524 00cd 13       		.uleb128 0x13
 525 00ce 3F       		.uleb128 0x3f
 526 00cf 19       		.uleb128 0x19
 527 00d0 02       		.uleb128 0x2
 528 00d1 18       		.uleb128 0x18
 529 00d2 00       		.byte	0
 530 00d3 00       		.byte	0
 531 00d4 10       		.uleb128 0x10
 532 00d5 2E       		.uleb128 0x2e
ARM GAS  C:\Users\Michael\AppData\Local\Temp\ccSVDCsD.s 			page 11


 533 00d6 01       		.byte	0x1
 534 00d7 3F       		.uleb128 0x3f
 535 00d8 19       		.uleb128 0x19
 536 00d9 03       		.uleb128 0x3
 537 00da 0E       		.uleb128 0xe
 538 00db 3A       		.uleb128 0x3a
 539 00dc 0B       		.uleb128 0xb
 540 00dd 3B       		.uleb128 0x3b
 541 00de 0B       		.uleb128 0xb
 542 00df 27       		.uleb128 0x27
 543 00e0 19       		.uleb128 0x19
 544 00e1 3C       		.uleb128 0x3c
 545 00e2 19       		.uleb128 0x19
 546 00e3 00       		.byte	0
 547 00e4 00       		.byte	0
 548 00e5 11       		.uleb128 0x11
 549 00e6 05       		.uleb128 0x5
 550 00e7 00       		.byte	0
 551 00e8 49       		.uleb128 0x49
 552 00e9 13       		.uleb128 0x13
 553 00ea 00       		.byte	0
 554 00eb 00       		.byte	0
 555 00ec 00       		.byte	0
 556              		.section	.debug_aranges,"",%progbits
 557 0000 24000000 		.4byte	0x24
 558 0004 0200     		.2byte	0x2
 559 0006 00000000 		.4byte	.Ldebug_info0
 560 000a 04       		.byte	0x4
 561 000b 00       		.byte	0
 562 000c 0000     		.2byte	0
 563 000e 0000     		.2byte	0
 564 0010 00000000 		.4byte	.LFB63
 565 0014 70000000 		.4byte	.LFE63-.LFB63
 566 0018 00000000 		.4byte	.LFB64
 567 001c 10000000 		.4byte	.LFE64-.LFB64
 568 0020 00000000 		.4byte	0
 569 0024 00000000 		.4byte	0
 570              		.section	.debug_ranges,"",%progbits
 571              	.Ldebug_ranges0:
 572 0000 00000000 		.4byte	.LFB63
 573 0004 70000000 		.4byte	.LFE63
 574 0008 00000000 		.4byte	.LFB64
 575 000c 10000000 		.4byte	.LFE64
 576 0010 00000000 		.4byte	0
 577 0014 00000000 		.4byte	0
 578              		.section	.debug_line,"",%progbits
 579              	.Ldebug_line0:
 580 0000 9B010000 		.section	.debug_str,"MS",%progbits,1
 580      02006D01 
 580      00000201 
 580      FB0E0D00 
 580      01010101 
 581              	.LASF21:
 582 0000 6D696E75 		.ascii	"minutes\000"
 582      74657300 
 583              	.LASF27:
 584 0008 696E6974 		.ascii	"init_milliseconds\000"
ARM GAS  C:\Users\Michael\AppData\Local\Temp\ccSVDCsD.s 			page 12


 584      5F6D696C 
 584      6C697365 
 584      636F6E64 
 584      7300
 585              	.LASF9:
 586 001a 5F5F696E 		.ascii	"__int32_t\000"
 586      7433325F 
 586      7400
 587              	.LASF24:
 588 0024 2E5C6D69 		.ascii	".\\milliseconds.c\000"
 588      6C6C6973 
 588      65636F6E 
 588      64732E63 
 588      00
 589              	.LASF25:
 590 0035 433A5C55 		.ascii	"C:\\Users\\Michael\\Dropbox (MIT)\\College\\MEng Ye"
 590      73657273 
 590      5C4D6963 
 590      6861656C 
 590      5C44726F 
 591 0063 61725C36 		.ascii	"ar\\6.330 - Power Electronics Laboratory\\6.330 - F"
 591      2E333330 
 591      202D2050 
 591      6F776572 
 591      20456C65 
 592 0094 696E616C 		.ascii	"inal Project\\Software\\PSoC Creator\\trash_can\\tr"
 592      2050726F 
 592      6A656374 
 592      5C536F66 
 592      74776172 
 593 00c3 6173685F 		.ascii	"ash_can.cydsn\000"
 593      63616E2E 
 593      63796473 
 593      6E00
 594              	.LASF13:
 595 00d1 666C6F61 		.ascii	"float\000"
 595      7400
 596              	.LASF1:
 597 00d7 756E7369 		.ascii	"unsigned char\000"
 597      676E6564 
 597      20636861 
 597      7200
 598              	.LASF5:
 599 00e5 6C6F6E67 		.ascii	"long unsigned int\000"
 599      20756E73 
 599      69676E65 
 599      6420696E 
 599      7400
 600              	.LASF3:
 601 00f7 73686F72 		.ascii	"short unsigned int\000"
 601      7420756E 
 601      7369676E 
 601      65642069 
 601      6E7400
 602              	.LASF18:
 603 010a 49544D5F 		.ascii	"ITM_RxBuffer\000"
 603      52784275 
ARM GAS  C:\Users\Michael\AppData\Local\Temp\ccSVDCsD.s 			page 13


 603      66666572 
 603      00
 604              	.LASF22:
 605 0117 686F7572 		.ascii	"hours\000"
 605      7300
 606              	.LASF14:
 607 011d 646F7562 		.ascii	"double\000"
 607      6C6500
 608              	.LASF11:
 609 0124 75696E74 		.ascii	"uint16\000"
 609      313600
 610              	.LASF12:
 611 012b 75696E74 		.ascii	"uint32\000"
 611      333200
 612              	.LASF23:
 613 0132 474E5520 		.ascii	"GNU C 4.9.3 20150303 (release) [ARM/embedded-4_9-br"
 613      4320342E 
 613      392E3320 
 613      32303135 
 613      30333033 
 614 0165 616E6368 		.ascii	"anch revision 221220] -mcpu=cortex-m3 -mthumb -g -O"
 614      20726576 
 614      6973696F 
 614      6E203232 
 614      31323230 
 615 0198 67202D66 		.ascii	"g -ffunction-sections -ffat-lto-objects\000"
 615      66756E63 
 615      74696F6E 
 615      2D736563 
 615      74696F6E 
 616              	.LASF8:
 617 01c0 756E7369 		.ascii	"unsigned int\000"
 617      676E6564 
 617      20696E74 
 617      00
 618              	.LASF7:
 619 01cd 6C6F6E67 		.ascii	"long long unsigned int\000"
 619      206C6F6E 
 619      6720756E 
 619      7369676E 
 619      65642069 
 620              	.LASF16:
 621 01e4 63796973 		.ascii	"cyisraddress\000"
 621      72616464 
 621      72657373 
 621      00
 622              	.LASF10:
 623 01f1 696E7433 		.ascii	"int32_t\000"
 623      325F7400 
 624              	.LASF17:
 625 01f9 73697A65 		.ascii	"sizetype\000"
 625      74797065 
 625      00
 626              	.LASF6:
 627 0202 6C6F6E67 		.ascii	"long long int\000"
 627      206C6F6E 
 627      6720696E 
ARM GAS  C:\Users\Michael\AppData\Local\Temp\ccSVDCsD.s 			page 14


 627      7400
 628              	.LASF20:
 629 0210 7365636F 		.ascii	"seconds\000"
 629      6E647300 
 630              	.LASF15:
 631 0218 63686172 		.ascii	"char\000"
 631      00
 632              	.LASF19:
 633 021d 4D494C4C 		.ascii	"MILLISECONDS\000"
 633      49534543 
 633      4F4E4453 
 633      00
 634              	.LASF2:
 635 022a 73686F72 		.ascii	"short int\000"
 635      7420696E 
 635      7400
 636              	.LASF4:
 637 0234 6C6F6E67 		.ascii	"long int\000"
 637      20696E74 
 637      00
 638              	.LASF28:
 639 023d 436C6F63 		.ascii	"Clock_Millis_Interrupt_StartEx\000"
 639      6B5F4D69 
 639      6C6C6973 
 639      5F496E74 
 639      65727275 
 640              	.LASF26:
 641 025c 4D696C6C 		.ascii	"Millisecond_Interrupt\000"
 641      69736563 
 641      6F6E645F 
 641      496E7465 
 641      72727570 
 642              	.LASF0:
 643 0272 7369676E 		.ascii	"signed char\000"
 643      65642063 
 643      68617200 
 644              		.ident	"GCC: (GNU Tools for ARM Embedded Processors) 4.9.3 20150303 (release) [ARM/embedded-4_9-br
