ARM GAS  C:\Users\Michael\AppData\Local\Temp\ccgW2ayJ.s 			page 1


   1              		.syntax unified
   2              		.cpu cortex-m3
   3              		.fpu softvfp
   4              		.eabi_attribute 20, 1
   5              		.eabi_attribute 21, 1
   6              		.eabi_attribute 23, 3
   7              		.eabi_attribute 24, 1
   8              		.eabi_attribute 25, 1
   9              		.eabi_attribute 26, 1
  10              		.eabi_attribute 30, 1
  11              		.eabi_attribute 34, 1
  12              		.eabi_attribute 18, 4
  13              		.thumb
  14              		.file	"servo.c"
  15              		.text
  16              	.Ltext0:
  17              		.cfi_sections	.debug_frame
  18              		.section	.text.init_servos,"ax",%progbits
  19              		.align	2
  20              		.global	init_servos
  21              		.thumb
  22              		.thumb_func
  23              		.type	init_servos, %function
  24              	init_servos:
  25              	.LFB63:
  26              		.file 1 ".\\servo.c"
   1:.\servo.c     **** /* ========================================
   2:.\servo.c     ****  *
   3:.\servo.c     ****  * Copyright YOUR COMPANY, THE YEAR
   4:.\servo.c     ****  * All Rights Reserved
   5:.\servo.c     ****  * UNPUBLISHED, LICENSED SOFTWARE.
   6:.\servo.c     ****  *
   7:.\servo.c     ****  * CONFIDENTIAL AND PROPRIETARY INFORMATION
   8:.\servo.c     ****  * WHICH IS THE PROPERTY OF your company.
   9:.\servo.c     ****  *
  10:.\servo.c     ****  * ========================================
  11:.\servo.c     **** */
  12:.\servo.c     **** #include "project.h"
  13:.\servo.c     **** #include "servo.h"
  14:.\servo.c     **** 
  15:.\servo.c     **** // initialize all PSoC components for servos
  16:.\servo.c     **** void init_servos() {
  27              		.loc 1 16 0
  28              		.cfi_startproc
  29              		@ args = 0, pretend = 0, frame = 0
  30              		@ frame_needed = 0, uses_anonymous_args = 0
  31 0000 08B5     		push	{r3, lr}
  32              		.cfi_def_cfa_offset 8
  33              		.cfi_offset 3, -8
  34              		.cfi_offset 14, -4
  17:.\servo.c     ****     Head_Servo_PWM_Start();
  35              		.loc 1 17 0
  36 0002 FFF7FEFF 		bl	Head_Servo_PWM_Start
  37              	.LVL0:
  38 0006 08BD     		pop	{r3, pc}
  39              		.cfi_endproc
  40              	.LFE63:
ARM GAS  C:\Users\Michael\AppData\Local\Temp\ccgW2ayJ.s 			page 2


  41              		.size	init_servos, .-init_servos
  42              		.global	__aeabi_i2d
  43              		.global	__aeabi_ddiv
  44              		.global	__aeabi_dmul
  45              		.global	__aeabi_dadd
  46              		.global	__aeabi_d2iz
  47              		.section	.text.set_servo_pos,"ax",%progbits
  48              		.align	2
  49              		.global	set_servo_pos
  50              		.thumb
  51              		.thumb_func
  52              		.type	set_servo_pos, %function
  53              	set_servo_pos:
  54              	.LFB65:
  18:.\servo.c     **** }
  19:.\servo.c     **** 
  20:.\servo.c     **** // construct a servo struct object
  21:.\servo.c     **** void construct_servo(SERVO *servo, uint8 id, int8 init_pos) {
  22:.\servo.c     ****     servo->id = id;
  23:.\servo.c     ****     set_servo_pos(servo, init_pos);
  24:.\servo.c     **** }
  25:.\servo.c     **** 
  26:.\servo.c     **** // write a PWM value to the servo based on the provided position
  27:.\servo.c     **** void set_servo_pos(SERVO *servo, int16 pos) {
  55              		.loc 1 27 0
  56              		.cfi_startproc
  57              		@ args = 0, pretend = 0, frame = 0
  58              		@ frame_needed = 0, uses_anonymous_args = 0
  59              	.LVL1:
  60 0000 08B5     		push	{r3, lr}
  61              		.cfi_def_cfa_offset 8
  62              		.cfi_offset 3, -8
  63              		.cfi_offset 14, -4
  28:.\servo.c     ****     servo->pos = pos;
  64              		.loc 1 28 0
  65 0002 4170     		strb	r1, [r0, #1]
  29:.\servo.c     ****     if (servo->id == HEAD_SERVO) {
  66              		.loc 1 29 0
  67 0004 0378     		ldrb	r3, [r0]	@ zero_extendqisi2
  68 0006 EBB9     		cbnz	r3, .L3
  69              	.LBB2:
  30:.\servo.c     ****         int pos_microseconds = (pos/180.0 * NUM_COUNTS_MS/2) + NUM_COUNTS_MS/2;
  70              		.loc 1 30 0
  71 0008 0846     		mov	r0, r1
  72              	.LVL2:
  73 000a FFF7FEFF 		bl	__aeabi_i2d
  74              	.LVL3:
  75 000e 0022     		movs	r2, #0
  76 0010 0D4B     		ldr	r3, .L6
  77 0012 FFF7FEFF 		bl	__aeabi_ddiv
  78              	.LVL4:
  79 0016 0022     		movs	r2, #0
  80 0018 0C4B     		ldr	r3, .L6+4
  81 001a FFF7FEFF 		bl	__aeabi_dmul
  82              	.LVL5:
  83 001e 0022     		movs	r2, #0
  84 0020 0B4B     		ldr	r3, .L6+8
ARM GAS  C:\Users\Michael\AppData\Local\Temp\ccgW2ayJ.s 			page 3


  85 0022 FFF7FEFF 		bl	__aeabi_dmul
  86              	.LVL6:
  87 0026 0022     		movs	r2, #0
  88 0028 0A4B     		ldr	r3, .L6+12
  89 002a FFF7FEFF 		bl	__aeabi_dadd
  90              	.LVL7:
  91 002e FFF7FEFF 		bl	__aeabi_d2iz
  92              	.LVL8:
  31:.\servo.c     ****         if (pos_microseconds > NUM_COUNTS_MS/2 && pos_microseconds < NUM_COUNTS_MS)
  93              		.loc 1 31 0
  94 0032 A0F2D172 		subw	r2, r0, #2001
  95 0036 40F2CE73 		movw	r3, #1998
  96 003a 9A42     		cmp	r2, r3
  97 003c 02D8     		bhi	.L3
  32:.\servo.c     ****             Head_Servo_PWM_WriteCompare(pos_microseconds);
  98              		.loc 1 32 0
  99 003e 80B2     		uxth	r0, r0
 100              	.LVL9:
 101 0040 FFF7FEFF 		bl	Head_Servo_PWM_WriteCompare
 102              	.LVL10:
 103              	.L3:
 104 0044 08BD     		pop	{r3, pc}
 105              	.L7:
 106 0046 00BF     		.align	2
 107              	.L6:
 108 0048 00806640 		.word	1080459264
 109 004c 0040AF40 		.word	1085227008
 110 0050 0000E03F 		.word	1071644672
 111 0054 00409F40 		.word	1084178432
 112              	.LBE2:
 113              		.cfi_endproc
 114              	.LFE65:
 115              		.size	set_servo_pos, .-set_servo_pos
 116              		.section	.text.construct_servo,"ax",%progbits
 117              		.align	2
 118              		.global	construct_servo
 119              		.thumb
 120              		.thumb_func
 121              		.type	construct_servo, %function
 122              	construct_servo:
 123              	.LFB64:
  21:.\servo.c     ****     servo->id = id;
 124              		.loc 1 21 0
 125              		.cfi_startproc
 126              		@ args = 0, pretend = 0, frame = 0
 127              		@ frame_needed = 0, uses_anonymous_args = 0
 128              	.LVL11:
 129 0000 08B5     		push	{r3, lr}
 130              		.cfi_def_cfa_offset 8
 131              		.cfi_offset 3, -8
 132              		.cfi_offset 14, -4
  22:.\servo.c     ****     set_servo_pos(servo, init_pos);
 133              		.loc 1 22 0
 134 0002 0170     		strb	r1, [r0]
  23:.\servo.c     **** }
 135              		.loc 1 23 0
 136 0004 1146     		mov	r1, r2
ARM GAS  C:\Users\Michael\AppData\Local\Temp\ccgW2ayJ.s 			page 4


 137              	.LVL12:
 138 0006 FFF7FEFF 		bl	set_servo_pos
 139              	.LVL13:
 140 000a 08BD     		pop	{r3, pc}
 141              		.cfi_endproc
 142              	.LFE64:
 143              		.size	construct_servo, .-construct_servo
 144              		.text
 145              	.Letext0:
 146              		.file 2 "c:\\program files (x86)\\cypress\\psoc creator\\3.3\\psoc creator\\import\\gnu\\arm\\4.9.
 147              		.file 3 "c:\\program files (x86)\\cypress\\psoc creator\\3.3\\psoc creator\\import\\gnu\\arm\\4.9.
 148              		.file 4 "Generated_Source\\PSoC5/cytypes.h"
 149              		.file 5 ".\\servo.h"
 150              		.file 6 "Generated_Source\\PSoC5/core_cm3.h"
 151              		.file 7 "Generated_Source\\PSoC5/Head_Servo_PWM.h"
 152              		.section	.debug_info,"",%progbits
 153              	.Ldebug_info0:
 154 0000 F3010000 		.4byte	0x1f3
 155 0004 0400     		.2byte	0x4
 156 0006 00000000 		.4byte	.Ldebug_abbrev0
 157 000a 04       		.byte	0x4
 158 000b 01       		.uleb128 0x1
 159 000c 88010000 		.4byte	.LASF25
 160 0010 01       		.byte	0x1
 161 0011 5B020000 		.4byte	.LASF26
 162 0015 33000000 		.4byte	.LASF27
 163 0019 00000000 		.4byte	.Ldebug_ranges0+0
 164 001d 00000000 		.4byte	0
 165 0021 00000000 		.4byte	.Ldebug_line0
 166 0025 02       		.uleb128 0x2
 167 0026 01       		.byte	0x1
 168 0027 06       		.byte	0x6
 169 0028 8B020000 		.4byte	.LASF0
 170 002c 02       		.uleb128 0x2
 171 002d 01       		.byte	0x1
 172 002e 08       		.byte	0x8
 173 002f DE000000 		.4byte	.LASF1
 174 0033 02       		.uleb128 0x2
 175 0034 02       		.byte	0x2
 176 0035 05       		.byte	0x5
 177 0036 34010000 		.4byte	.LASF2
 178 003a 02       		.uleb128 0x2
 179 003b 02       		.byte	0x2
 180 003c 07       		.byte	0x7
 181 003d 04010000 		.4byte	.LASF3
 182 0041 03       		.uleb128 0x3
 183 0042 1C000000 		.4byte	.LASF9
 184 0046 02       		.byte	0x2
 185 0047 3F       		.byte	0x3f
 186 0048 4C000000 		.4byte	0x4c
 187 004c 02       		.uleb128 0x2
 188 004d 04       		.byte	0x4
 189 004e 05       		.byte	0x5
 190 004f 6B020000 		.4byte	.LASF4
 191 0053 02       		.uleb128 0x2
 192 0054 04       		.byte	0x4
 193 0055 07       		.byte	0x7
ARM GAS  C:\Users\Michael\AppData\Local\Temp\ccgW2ayJ.s 			page 5


 194 0056 F2000000 		.4byte	.LASF5
 195 005a 02       		.uleb128 0x2
 196 005b 08       		.byte	0x8
 197 005c 05       		.byte	0x5
 198 005d 27020000 		.4byte	.LASF6
 199 0061 02       		.uleb128 0x2
 200 0062 08       		.byte	0x8
 201 0063 07       		.byte	0x7
 202 0064 71010000 		.4byte	.LASF7
 203 0068 04       		.uleb128 0x4
 204 0069 04       		.byte	0x4
 205 006a 05       		.byte	0x5
 206 006b 696E7400 		.ascii	"int\000"
 207 006f 02       		.uleb128 0x2
 208 0070 04       		.byte	0x4
 209 0071 07       		.byte	0x7
 210 0072 64010000 		.4byte	.LASF8
 211 0076 03       		.uleb128 0x3
 212 0077 16020000 		.4byte	.LASF10
 213 007b 03       		.byte	0x3
 214 007c 2C       		.byte	0x2c
 215 007d 41000000 		.4byte	0x41
 216 0081 05       		.uleb128 0x5
 217 0082 65020000 		.4byte	.LASF11
 218 0086 04       		.byte	0x4
 219 0087 9201     		.2byte	0x192
 220 0089 2C000000 		.4byte	0x2c
 221 008d 05       		.uleb128 0x5
 222 008e 4C010000 		.4byte	.LASF12
 223 0092 04       		.byte	0x4
 224 0093 9301     		.2byte	0x193
 225 0095 3A000000 		.4byte	0x3a
 226 0099 05       		.uleb128 0x5
 227 009a 53010000 		.4byte	.LASF13
 228 009e 04       		.byte	0x4
 229 009f 9501     		.2byte	0x195
 230 00a1 25000000 		.4byte	0x25
 231 00a5 05       		.uleb128 0x5
 232 00a6 EC000000 		.4byte	.LASF14
 233 00aa 04       		.byte	0x4
 234 00ab 9601     		.2byte	0x196
 235 00ad 33000000 		.4byte	0x33
 236 00b1 02       		.uleb128 0x2
 237 00b2 04       		.byte	0x4
 238 00b3 04       		.byte	0x4
 239 00b4 CF000000 		.4byte	.LASF15
 240 00b8 02       		.uleb128 0x2
 241 00b9 08       		.byte	0x8
 242 00ba 04       		.byte	0x4
 243 00bb 26000000 		.4byte	.LASF16
 244 00bf 02       		.uleb128 0x2
 245 00c0 01       		.byte	0x1
 246 00c1 08       		.byte	0x8
 247 00c2 74020000 		.4byte	.LASF17
 248 00c6 02       		.uleb128 0x2
 249 00c7 04       		.byte	0x4
 250 00c8 07       		.byte	0x7
ARM GAS  C:\Users\Michael\AppData\Local\Temp\ccgW2ayJ.s 			page 6


 251 00c9 1E020000 		.4byte	.LASF18
 252 00cd 02       		.uleb128 0x2
 253 00ce 08       		.byte	0x8
 254 00cf 04       		.byte	0x4
 255 00d0 79020000 		.4byte	.LASF19
 256 00d4 06       		.uleb128 0x6
 257 00d5 85020000 		.4byte	.LASF21
 258 00d9 02       		.byte	0x2
 259 00da 05       		.byte	0x5
 260 00db 14       		.byte	0x14
 261 00dc F8000000 		.4byte	0xf8
 262 00e0 07       		.uleb128 0x7
 263 00e1 696400   		.ascii	"id\000"
 264 00e4 05       		.byte	0x5
 265 00e5 15       		.byte	0x15
 266 00e6 81000000 		.4byte	0x81
 267 00ea 00       		.byte	0
 268 00eb 07       		.uleb128 0x7
 269 00ec 706F7300 		.ascii	"pos\000"
 270 00f0 05       		.byte	0x5
 271 00f1 16       		.byte	0x16
 272 00f2 81000000 		.4byte	0x81
 273 00f6 01       		.byte	0x1
 274 00f7 00       		.byte	0
 275 00f8 03       		.uleb128 0x3
 276 00f9 2D000000 		.4byte	.LASF20
 277 00fd 05       		.byte	0x5
 278 00fe 17       		.byte	0x17
 279 00ff D4000000 		.4byte	0xd4
 280 0103 08       		.uleb128 0x8
 281 0104 58010000 		.4byte	.LASF28
 282 0108 01       		.byte	0x1
 283 0109 10       		.byte	0x10
 284 010a 00000000 		.4byte	.LFB63
 285 010e 08000000 		.4byte	.LFE63-.LFB63
 286 0112 01       		.uleb128 0x1
 287 0113 9C       		.byte	0x9c
 288 0114 22010000 		.4byte	0x122
 289 0118 09       		.uleb128 0x9
 290 0119 06000000 		.4byte	.LVL0
 291 011d E2010000 		.4byte	0x1e2
 292 0121 00       		.byte	0
 293 0122 0A       		.uleb128 0xa
 294 0123 3E010000 		.4byte	.LASF22
 295 0127 01       		.byte	0x1
 296 0128 1B       		.byte	0x1b
 297 0129 00000000 		.4byte	.LFB65
 298 012d 58000000 		.4byte	.LFE65-.LFB65
 299 0131 01       		.uleb128 0x1
 300 0132 9C       		.byte	0x9c
 301 0133 78010000 		.4byte	0x178
 302 0137 0B       		.uleb128 0xb
 303 0138 85020000 		.4byte	.LASF21
 304 013c 01       		.byte	0x1
 305 013d 1B       		.byte	0x1b
 306 013e 78010000 		.4byte	0x178
 307 0142 00000000 		.4byte	.LLST0
ARM GAS  C:\Users\Michael\AppData\Local\Temp\ccgW2ayJ.s 			page 7


 308 0146 0C       		.uleb128 0xc
 309 0147 706F7300 		.ascii	"pos\000"
 310 014b 01       		.byte	0x1
 311 014c 1B       		.byte	0x1b
 312 014d A5000000 		.4byte	0xa5
 313 0151 21000000 		.4byte	.LLST1
 314 0155 0D       		.uleb128 0xd
 315 0156 08000000 		.4byte	.LBB2
 316 015a 50000000 		.4byte	.LBE2-.LBB2
 317 015e 0E       		.uleb128 0xe
 318 015f 35020000 		.4byte	.LASF29
 319 0163 01       		.byte	0x1
 320 0164 1E       		.byte	0x1e
 321 0165 68000000 		.4byte	0x68
 322 0169 42000000 		.4byte	.LLST2
 323 016d 09       		.uleb128 0x9
 324 016e 44000000 		.4byte	.LVL10
 325 0172 E9010000 		.4byte	0x1e9
 326 0176 00       		.byte	0
 327 0177 00       		.byte	0
 328 0178 0F       		.uleb128 0xf
 329 0179 04       		.byte	0x4
 330 017a F8000000 		.4byte	0xf8
 331 017e 10       		.uleb128 0x10
 332 017f 24010000 		.4byte	.LASF23
 333 0183 01       		.byte	0x1
 334 0184 15       		.byte	0x15
 335 0185 00000000 		.4byte	.LFB64
 336 0189 0C000000 		.4byte	.LFE64-.LFB64
 337 018d 01       		.uleb128 0x1
 338 018e 9C       		.byte	0x9c
 339 018f D1010000 		.4byte	0x1d1
 340 0193 0B       		.uleb128 0xb
 341 0194 85020000 		.4byte	.LASF21
 342 0198 01       		.byte	0x1
 343 0199 15       		.byte	0x15
 344 019a 78010000 		.4byte	0x178
 345 019e 63000000 		.4byte	.LLST3
 346 01a2 0C       		.uleb128 0xc
 347 01a3 696400   		.ascii	"id\000"
 348 01a6 01       		.byte	0x1
 349 01a7 15       		.byte	0x15
 350 01a8 81000000 		.4byte	0x81
 351 01ac 84000000 		.4byte	.LLST4
 352 01b0 0B       		.uleb128 0xb
 353 01b1 D5000000 		.4byte	.LASF24
 354 01b5 01       		.byte	0x1
 355 01b6 15       		.byte	0x15
 356 01b7 99000000 		.4byte	0x99
 357 01bb B1000000 		.4byte	.LLST5
 358 01bf 11       		.uleb128 0x11
 359 01c0 0A000000 		.4byte	.LVL13
 360 01c4 22010000 		.4byte	0x122
 361 01c8 12       		.uleb128 0x12
 362 01c9 01       		.uleb128 0x1
 363 01ca 50       		.byte	0x50
 364 01cb 03       		.uleb128 0x3
ARM GAS  C:\Users\Michael\AppData\Local\Temp\ccgW2ayJ.s 			page 8


 365 01cc F3       		.byte	0xf3
 366 01cd 01       		.uleb128 0x1
 367 01ce 50       		.byte	0x50
 368 01cf 00       		.byte	0
 369 01d0 00       		.byte	0
 370 01d1 13       		.uleb128 0x13
 371 01d2 17010000 		.4byte	.LASF30
 372 01d6 06       		.byte	0x6
 373 01d7 9606     		.2byte	0x696
 374 01d9 DD010000 		.4byte	0x1dd
 375 01dd 14       		.uleb128 0x14
 376 01de 76000000 		.4byte	0x76
 377 01e2 15       		.uleb128 0x15
 378 01e3 46020000 		.4byte	.LASF31
 379 01e7 07       		.byte	0x7
 380 01e8 92       		.byte	0x92
 381 01e9 16       		.uleb128 0x16
 382 01ea 00000000 		.4byte	.LASF32
 383 01ee 07       		.byte	0x7
 384 01ef C3       		.byte	0xc3
 385 01f0 17       		.uleb128 0x17
 386 01f1 8D000000 		.4byte	0x8d
 387 01f5 00       		.byte	0
 388 01f6 00       		.byte	0
 389              		.section	.debug_abbrev,"",%progbits
 390              	.Ldebug_abbrev0:
 391 0000 01       		.uleb128 0x1
 392 0001 11       		.uleb128 0x11
 393 0002 01       		.byte	0x1
 394 0003 25       		.uleb128 0x25
 395 0004 0E       		.uleb128 0xe
 396 0005 13       		.uleb128 0x13
 397 0006 0B       		.uleb128 0xb
 398 0007 03       		.uleb128 0x3
 399 0008 0E       		.uleb128 0xe
 400 0009 1B       		.uleb128 0x1b
 401 000a 0E       		.uleb128 0xe
 402 000b 55       		.uleb128 0x55
 403 000c 17       		.uleb128 0x17
 404 000d 11       		.uleb128 0x11
 405 000e 01       		.uleb128 0x1
 406 000f 10       		.uleb128 0x10
 407 0010 17       		.uleb128 0x17
 408 0011 00       		.byte	0
 409 0012 00       		.byte	0
 410 0013 02       		.uleb128 0x2
 411 0014 24       		.uleb128 0x24
 412 0015 00       		.byte	0
 413 0016 0B       		.uleb128 0xb
 414 0017 0B       		.uleb128 0xb
 415 0018 3E       		.uleb128 0x3e
 416 0019 0B       		.uleb128 0xb
 417 001a 03       		.uleb128 0x3
 418 001b 0E       		.uleb128 0xe
 419 001c 00       		.byte	0
 420 001d 00       		.byte	0
 421 001e 03       		.uleb128 0x3
ARM GAS  C:\Users\Michael\AppData\Local\Temp\ccgW2ayJ.s 			page 9


 422 001f 16       		.uleb128 0x16
 423 0020 00       		.byte	0
 424 0021 03       		.uleb128 0x3
 425 0022 0E       		.uleb128 0xe
 426 0023 3A       		.uleb128 0x3a
 427 0024 0B       		.uleb128 0xb
 428 0025 3B       		.uleb128 0x3b
 429 0026 0B       		.uleb128 0xb
 430 0027 49       		.uleb128 0x49
 431 0028 13       		.uleb128 0x13
 432 0029 00       		.byte	0
 433 002a 00       		.byte	0
 434 002b 04       		.uleb128 0x4
 435 002c 24       		.uleb128 0x24
 436 002d 00       		.byte	0
 437 002e 0B       		.uleb128 0xb
 438 002f 0B       		.uleb128 0xb
 439 0030 3E       		.uleb128 0x3e
 440 0031 0B       		.uleb128 0xb
 441 0032 03       		.uleb128 0x3
 442 0033 08       		.uleb128 0x8
 443 0034 00       		.byte	0
 444 0035 00       		.byte	0
 445 0036 05       		.uleb128 0x5
 446 0037 16       		.uleb128 0x16
 447 0038 00       		.byte	0
 448 0039 03       		.uleb128 0x3
 449 003a 0E       		.uleb128 0xe
 450 003b 3A       		.uleb128 0x3a
 451 003c 0B       		.uleb128 0xb
 452 003d 3B       		.uleb128 0x3b
 453 003e 05       		.uleb128 0x5
 454 003f 49       		.uleb128 0x49
 455 0040 13       		.uleb128 0x13
 456 0041 00       		.byte	0
 457 0042 00       		.byte	0
 458 0043 06       		.uleb128 0x6
 459 0044 13       		.uleb128 0x13
 460 0045 01       		.byte	0x1
 461 0046 03       		.uleb128 0x3
 462 0047 0E       		.uleb128 0xe
 463 0048 0B       		.uleb128 0xb
 464 0049 0B       		.uleb128 0xb
 465 004a 3A       		.uleb128 0x3a
 466 004b 0B       		.uleb128 0xb
 467 004c 3B       		.uleb128 0x3b
 468 004d 0B       		.uleb128 0xb
 469 004e 01       		.uleb128 0x1
 470 004f 13       		.uleb128 0x13
 471 0050 00       		.byte	0
 472 0051 00       		.byte	0
 473 0052 07       		.uleb128 0x7
 474 0053 0D       		.uleb128 0xd
 475 0054 00       		.byte	0
 476 0055 03       		.uleb128 0x3
 477 0056 08       		.uleb128 0x8
 478 0057 3A       		.uleb128 0x3a
ARM GAS  C:\Users\Michael\AppData\Local\Temp\ccgW2ayJ.s 			page 10


 479 0058 0B       		.uleb128 0xb
 480 0059 3B       		.uleb128 0x3b
 481 005a 0B       		.uleb128 0xb
 482 005b 49       		.uleb128 0x49
 483 005c 13       		.uleb128 0x13
 484 005d 38       		.uleb128 0x38
 485 005e 0B       		.uleb128 0xb
 486 005f 00       		.byte	0
 487 0060 00       		.byte	0
 488 0061 08       		.uleb128 0x8
 489 0062 2E       		.uleb128 0x2e
 490 0063 01       		.byte	0x1
 491 0064 3F       		.uleb128 0x3f
 492 0065 19       		.uleb128 0x19
 493 0066 03       		.uleb128 0x3
 494 0067 0E       		.uleb128 0xe
 495 0068 3A       		.uleb128 0x3a
 496 0069 0B       		.uleb128 0xb
 497 006a 3B       		.uleb128 0x3b
 498 006b 0B       		.uleb128 0xb
 499 006c 11       		.uleb128 0x11
 500 006d 01       		.uleb128 0x1
 501 006e 12       		.uleb128 0x12
 502 006f 06       		.uleb128 0x6
 503 0070 40       		.uleb128 0x40
 504 0071 18       		.uleb128 0x18
 505 0072 9742     		.uleb128 0x2117
 506 0074 19       		.uleb128 0x19
 507 0075 01       		.uleb128 0x1
 508 0076 13       		.uleb128 0x13
 509 0077 00       		.byte	0
 510 0078 00       		.byte	0
 511 0079 09       		.uleb128 0x9
 512 007a 898201   		.uleb128 0x4109
 513 007d 00       		.byte	0
 514 007e 11       		.uleb128 0x11
 515 007f 01       		.uleb128 0x1
 516 0080 31       		.uleb128 0x31
 517 0081 13       		.uleb128 0x13
 518 0082 00       		.byte	0
 519 0083 00       		.byte	0
 520 0084 0A       		.uleb128 0xa
 521 0085 2E       		.uleb128 0x2e
 522 0086 01       		.byte	0x1
 523 0087 3F       		.uleb128 0x3f
 524 0088 19       		.uleb128 0x19
 525 0089 03       		.uleb128 0x3
 526 008a 0E       		.uleb128 0xe
 527 008b 3A       		.uleb128 0x3a
 528 008c 0B       		.uleb128 0xb
 529 008d 3B       		.uleb128 0x3b
 530 008e 0B       		.uleb128 0xb
 531 008f 27       		.uleb128 0x27
 532 0090 19       		.uleb128 0x19
 533 0091 11       		.uleb128 0x11
 534 0092 01       		.uleb128 0x1
 535 0093 12       		.uleb128 0x12
ARM GAS  C:\Users\Michael\AppData\Local\Temp\ccgW2ayJ.s 			page 11


 536 0094 06       		.uleb128 0x6
 537 0095 40       		.uleb128 0x40
 538 0096 18       		.uleb128 0x18
 539 0097 9642     		.uleb128 0x2116
 540 0099 19       		.uleb128 0x19
 541 009a 01       		.uleb128 0x1
 542 009b 13       		.uleb128 0x13
 543 009c 00       		.byte	0
 544 009d 00       		.byte	0
 545 009e 0B       		.uleb128 0xb
 546 009f 05       		.uleb128 0x5
 547 00a0 00       		.byte	0
 548 00a1 03       		.uleb128 0x3
 549 00a2 0E       		.uleb128 0xe
 550 00a3 3A       		.uleb128 0x3a
 551 00a4 0B       		.uleb128 0xb
 552 00a5 3B       		.uleb128 0x3b
 553 00a6 0B       		.uleb128 0xb
 554 00a7 49       		.uleb128 0x49
 555 00a8 13       		.uleb128 0x13
 556 00a9 02       		.uleb128 0x2
 557 00aa 17       		.uleb128 0x17
 558 00ab 00       		.byte	0
 559 00ac 00       		.byte	0
 560 00ad 0C       		.uleb128 0xc
 561 00ae 05       		.uleb128 0x5
 562 00af 00       		.byte	0
 563 00b0 03       		.uleb128 0x3
 564 00b1 08       		.uleb128 0x8
 565 00b2 3A       		.uleb128 0x3a
 566 00b3 0B       		.uleb128 0xb
 567 00b4 3B       		.uleb128 0x3b
 568 00b5 0B       		.uleb128 0xb
 569 00b6 49       		.uleb128 0x49
 570 00b7 13       		.uleb128 0x13
 571 00b8 02       		.uleb128 0x2
 572 00b9 17       		.uleb128 0x17
 573 00ba 00       		.byte	0
 574 00bb 00       		.byte	0
 575 00bc 0D       		.uleb128 0xd
 576 00bd 0B       		.uleb128 0xb
 577 00be 01       		.byte	0x1
 578 00bf 11       		.uleb128 0x11
 579 00c0 01       		.uleb128 0x1
 580 00c1 12       		.uleb128 0x12
 581 00c2 06       		.uleb128 0x6
 582 00c3 00       		.byte	0
 583 00c4 00       		.byte	0
 584 00c5 0E       		.uleb128 0xe
 585 00c6 34       		.uleb128 0x34
 586 00c7 00       		.byte	0
 587 00c8 03       		.uleb128 0x3
 588 00c9 0E       		.uleb128 0xe
 589 00ca 3A       		.uleb128 0x3a
 590 00cb 0B       		.uleb128 0xb
 591 00cc 3B       		.uleb128 0x3b
 592 00cd 0B       		.uleb128 0xb
ARM GAS  C:\Users\Michael\AppData\Local\Temp\ccgW2ayJ.s 			page 12


 593 00ce 49       		.uleb128 0x49
 594 00cf 13       		.uleb128 0x13
 595 00d0 02       		.uleb128 0x2
 596 00d1 17       		.uleb128 0x17
 597 00d2 00       		.byte	0
 598 00d3 00       		.byte	0
 599 00d4 0F       		.uleb128 0xf
 600 00d5 0F       		.uleb128 0xf
 601 00d6 00       		.byte	0
 602 00d7 0B       		.uleb128 0xb
 603 00d8 0B       		.uleb128 0xb
 604 00d9 49       		.uleb128 0x49
 605 00da 13       		.uleb128 0x13
 606 00db 00       		.byte	0
 607 00dc 00       		.byte	0
 608 00dd 10       		.uleb128 0x10
 609 00de 2E       		.uleb128 0x2e
 610 00df 01       		.byte	0x1
 611 00e0 3F       		.uleb128 0x3f
 612 00e1 19       		.uleb128 0x19
 613 00e2 03       		.uleb128 0x3
 614 00e3 0E       		.uleb128 0xe
 615 00e4 3A       		.uleb128 0x3a
 616 00e5 0B       		.uleb128 0xb
 617 00e6 3B       		.uleb128 0x3b
 618 00e7 0B       		.uleb128 0xb
 619 00e8 27       		.uleb128 0x27
 620 00e9 19       		.uleb128 0x19
 621 00ea 11       		.uleb128 0x11
 622 00eb 01       		.uleb128 0x1
 623 00ec 12       		.uleb128 0x12
 624 00ed 06       		.uleb128 0x6
 625 00ee 40       		.uleb128 0x40
 626 00ef 18       		.uleb128 0x18
 627 00f0 9742     		.uleb128 0x2117
 628 00f2 19       		.uleb128 0x19
 629 00f3 01       		.uleb128 0x1
 630 00f4 13       		.uleb128 0x13
 631 00f5 00       		.byte	0
 632 00f6 00       		.byte	0
 633 00f7 11       		.uleb128 0x11
 634 00f8 898201   		.uleb128 0x4109
 635 00fb 01       		.byte	0x1
 636 00fc 11       		.uleb128 0x11
 637 00fd 01       		.uleb128 0x1
 638 00fe 31       		.uleb128 0x31
 639 00ff 13       		.uleb128 0x13
 640 0100 00       		.byte	0
 641 0101 00       		.byte	0
 642 0102 12       		.uleb128 0x12
 643 0103 8A8201   		.uleb128 0x410a
 644 0106 00       		.byte	0
 645 0107 02       		.uleb128 0x2
 646 0108 18       		.uleb128 0x18
 647 0109 9142     		.uleb128 0x2111
 648 010b 18       		.uleb128 0x18
 649 010c 00       		.byte	0
ARM GAS  C:\Users\Michael\AppData\Local\Temp\ccgW2ayJ.s 			page 13


 650 010d 00       		.byte	0
 651 010e 13       		.uleb128 0x13
 652 010f 34       		.uleb128 0x34
 653 0110 00       		.byte	0
 654 0111 03       		.uleb128 0x3
 655 0112 0E       		.uleb128 0xe
 656 0113 3A       		.uleb128 0x3a
 657 0114 0B       		.uleb128 0xb
 658 0115 3B       		.uleb128 0x3b
 659 0116 05       		.uleb128 0x5
 660 0117 49       		.uleb128 0x49
 661 0118 13       		.uleb128 0x13
 662 0119 3F       		.uleb128 0x3f
 663 011a 19       		.uleb128 0x19
 664 011b 3C       		.uleb128 0x3c
 665 011c 19       		.uleb128 0x19
 666 011d 00       		.byte	0
 667 011e 00       		.byte	0
 668 011f 14       		.uleb128 0x14
 669 0120 35       		.uleb128 0x35
 670 0121 00       		.byte	0
 671 0122 49       		.uleb128 0x49
 672 0123 13       		.uleb128 0x13
 673 0124 00       		.byte	0
 674 0125 00       		.byte	0
 675 0126 15       		.uleb128 0x15
 676 0127 2E       		.uleb128 0x2e
 677 0128 00       		.byte	0
 678 0129 3F       		.uleb128 0x3f
 679 012a 19       		.uleb128 0x19
 680 012b 03       		.uleb128 0x3
 681 012c 0E       		.uleb128 0xe
 682 012d 3A       		.uleb128 0x3a
 683 012e 0B       		.uleb128 0xb
 684 012f 3B       		.uleb128 0x3b
 685 0130 0B       		.uleb128 0xb
 686 0131 27       		.uleb128 0x27
 687 0132 19       		.uleb128 0x19
 688 0133 3C       		.uleb128 0x3c
 689 0134 19       		.uleb128 0x19
 690 0135 00       		.byte	0
 691 0136 00       		.byte	0
 692 0137 16       		.uleb128 0x16
 693 0138 2E       		.uleb128 0x2e
 694 0139 01       		.byte	0x1
 695 013a 3F       		.uleb128 0x3f
 696 013b 19       		.uleb128 0x19
 697 013c 03       		.uleb128 0x3
 698 013d 0E       		.uleb128 0xe
 699 013e 3A       		.uleb128 0x3a
 700 013f 0B       		.uleb128 0xb
 701 0140 3B       		.uleb128 0x3b
 702 0141 0B       		.uleb128 0xb
 703 0142 27       		.uleb128 0x27
 704 0143 19       		.uleb128 0x19
 705 0144 3C       		.uleb128 0x3c
 706 0145 19       		.uleb128 0x19
ARM GAS  C:\Users\Michael\AppData\Local\Temp\ccgW2ayJ.s 			page 14


 707 0146 00       		.byte	0
 708 0147 00       		.byte	0
 709 0148 17       		.uleb128 0x17
 710 0149 05       		.uleb128 0x5
 711 014a 00       		.byte	0
 712 014b 49       		.uleb128 0x49
 713 014c 13       		.uleb128 0x13
 714 014d 00       		.byte	0
 715 014e 00       		.byte	0
 716 014f 00       		.byte	0
 717              		.section	.debug_loc,"",%progbits
 718              	.Ldebug_loc0:
 719              	.LLST0:
 720 0000 00000000 		.4byte	.LVL1
 721 0004 0A000000 		.4byte	.LVL2
 722 0008 0100     		.2byte	0x1
 723 000a 50       		.byte	0x50
 724 000b 0A000000 		.4byte	.LVL2
 725 000f 58000000 		.4byte	.LFE65
 726 0013 0400     		.2byte	0x4
 727 0015 F3       		.byte	0xf3
 728 0016 01       		.uleb128 0x1
 729 0017 50       		.byte	0x50
 730 0018 9F       		.byte	0x9f
 731 0019 00000000 		.4byte	0
 732 001d 00000000 		.4byte	0
 733              	.LLST1:
 734 0021 00000000 		.4byte	.LVL1
 735 0025 0D000000 		.4byte	.LVL3-1
 736 0029 0100     		.2byte	0x1
 737 002b 51       		.byte	0x51
 738 002c 0D000000 		.4byte	.LVL3-1
 739 0030 58000000 		.4byte	.LFE65
 740 0034 0400     		.2byte	0x4
 741 0036 F3       		.byte	0xf3
 742 0037 01       		.uleb128 0x1
 743 0038 51       		.byte	0x51
 744 0039 9F       		.byte	0x9f
 745 003a 00000000 		.4byte	0
 746 003e 00000000 		.4byte	0
 747              	.LLST2:
 748 0042 32000000 		.4byte	.LVL8
 749 0046 40000000 		.4byte	.LVL9
 750 004a 0100     		.2byte	0x1
 751 004c 50       		.byte	0x50
 752 004d 40000000 		.4byte	.LVL9
 753 0051 43000000 		.4byte	.LVL10-1
 754 0055 0400     		.2byte	0x4
 755 0057 72       		.byte	0x72
 756 0058 D10F     		.sleb128 2001
 757 005a 9F       		.byte	0x9f
 758 005b 00000000 		.4byte	0
 759 005f 00000000 		.4byte	0
 760              	.LLST3:
 761 0063 00000000 		.4byte	.LVL11
 762 0067 09000000 		.4byte	.LVL13-1
 763 006b 0100     		.2byte	0x1
ARM GAS  C:\Users\Michael\AppData\Local\Temp\ccgW2ayJ.s 			page 15


 764 006d 50       		.byte	0x50
 765 006e 09000000 		.4byte	.LVL13-1
 766 0072 0C000000 		.4byte	.LFE64
 767 0076 0400     		.2byte	0x4
 768 0078 F3       		.byte	0xf3
 769 0079 01       		.uleb128 0x1
 770 007a 50       		.byte	0x50
 771 007b 9F       		.byte	0x9f
 772 007c 00000000 		.4byte	0
 773 0080 00000000 		.4byte	0
 774              	.LLST4:
 775 0084 00000000 		.4byte	.LVL11
 776 0088 06000000 		.4byte	.LVL12
 777 008c 0100     		.2byte	0x1
 778 008e 51       		.byte	0x51
 779 008f 06000000 		.4byte	.LVL12
 780 0093 09000000 		.4byte	.LVL13-1
 781 0097 0200     		.2byte	0x2
 782 0099 70       		.byte	0x70
 783 009a 00       		.sleb128 0
 784 009b 09000000 		.4byte	.LVL13-1
 785 009f 0C000000 		.4byte	.LFE64
 786 00a3 0400     		.2byte	0x4
 787 00a5 F3       		.byte	0xf3
 788 00a6 01       		.uleb128 0x1
 789 00a7 51       		.byte	0x51
 790 00a8 9F       		.byte	0x9f
 791 00a9 00000000 		.4byte	0
 792 00ad 00000000 		.4byte	0
 793              	.LLST5:
 794 00b1 00000000 		.4byte	.LVL11
 795 00b5 09000000 		.4byte	.LVL13-1
 796 00b9 0100     		.2byte	0x1
 797 00bb 52       		.byte	0x52
 798 00bc 09000000 		.4byte	.LVL13-1
 799 00c0 0C000000 		.4byte	.LFE64
 800 00c4 0400     		.2byte	0x4
 801 00c6 F3       		.byte	0xf3
 802 00c7 01       		.uleb128 0x1
 803 00c8 52       		.byte	0x52
 804 00c9 9F       		.byte	0x9f
 805 00ca 00000000 		.4byte	0
 806 00ce 00000000 		.4byte	0
 807              		.section	.debug_aranges,"",%progbits
 808 0000 2C000000 		.4byte	0x2c
 809 0004 0200     		.2byte	0x2
 810 0006 00000000 		.4byte	.Ldebug_info0
 811 000a 04       		.byte	0x4
 812 000b 00       		.byte	0
 813 000c 0000     		.2byte	0
 814 000e 0000     		.2byte	0
 815 0010 00000000 		.4byte	.LFB63
 816 0014 08000000 		.4byte	.LFE63-.LFB63
 817 0018 00000000 		.4byte	.LFB65
 818 001c 58000000 		.4byte	.LFE65-.LFB65
 819 0020 00000000 		.4byte	.LFB64
 820 0024 0C000000 		.4byte	.LFE64-.LFB64
ARM GAS  C:\Users\Michael\AppData\Local\Temp\ccgW2ayJ.s 			page 16


 821 0028 00000000 		.4byte	0
 822 002c 00000000 		.4byte	0
 823              		.section	.debug_ranges,"",%progbits
 824              	.Ldebug_ranges0:
 825 0000 00000000 		.4byte	.LFB63
 826 0004 08000000 		.4byte	.LFE63
 827 0008 00000000 		.4byte	.LFB65
 828 000c 58000000 		.4byte	.LFE65
 829 0010 00000000 		.4byte	.LFB64
 830 0014 0C000000 		.4byte	.LFE64
 831 0018 00000000 		.4byte	0
 832 001c 00000000 		.4byte	0
 833              		.section	.debug_line,"",%progbits
 834              	.Ldebug_line0:
 835 0000 A7010000 		.section	.debug_str,"MS",%progbits,1
 835      02006B01 
 835      00000201 
 835      FB0E0D00 
 835      01010101 
 836              	.LASF32:
 837 0000 48656164 		.ascii	"Head_Servo_PWM_WriteCompare\000"
 837      5F536572 
 837      766F5F50 
 837      574D5F57 
 837      72697465 
 838              	.LASF9:
 839 001c 5F5F696E 		.ascii	"__int32_t\000"
 839      7433325F 
 839      7400
 840              	.LASF16:
 841 0026 646F7562 		.ascii	"double\000"
 841      6C6500
 842              	.LASF20:
 843 002d 53455256 		.ascii	"SERVO\000"
 843      4F00
 844              	.LASF27:
 845 0033 433A5C55 		.ascii	"C:\\Users\\Michael\\Dropbox (MIT)\\College\\MEng Ye"
 845      73657273 
 845      5C4D6963 
 845      6861656C 
 845      5C44726F 
 846 0061 61725C36 		.ascii	"ar\\6.330 - Power Electronics Laboratory\\6.330 - F"
 846      2E333330 
 846      202D2050 
 846      6F776572 
 846      20456C65 
 847 0092 696E616C 		.ascii	"inal Project\\Software\\PSoC Creator\\trash_can\\tr"
 847      2050726F 
 847      6A656374 
 847      5C536F66 
 847      74776172 
 848 00c1 6173685F 		.ascii	"ash_can.cydsn\000"
 848      63616E2E 
 848      63796473 
 848      6E00
 849              	.LASF15:
 850 00cf 666C6F61 		.ascii	"float\000"
ARM GAS  C:\Users\Michael\AppData\Local\Temp\ccgW2ayJ.s 			page 17


 850      7400
 851              	.LASF24:
 852 00d5 696E6974 		.ascii	"init_pos\000"
 852      5F706F73 
 852      00
 853              	.LASF1:
 854 00de 756E7369 		.ascii	"unsigned char\000"
 854      676E6564 
 854      20636861 
 854      7200
 855              	.LASF14:
 856 00ec 696E7431 		.ascii	"int16\000"
 856      3600
 857              	.LASF5:
 858 00f2 6C6F6E67 		.ascii	"long unsigned int\000"
 858      20756E73 
 858      69676E65 
 858      6420696E 
 858      7400
 859              	.LASF3:
 860 0104 73686F72 		.ascii	"short unsigned int\000"
 860      7420756E 
 860      7369676E 
 860      65642069 
 860      6E7400
 861              	.LASF30:
 862 0117 49544D5F 		.ascii	"ITM_RxBuffer\000"
 862      52784275 
 862      66666572 
 862      00
 863              	.LASF23:
 864 0124 636F6E73 		.ascii	"construct_servo\000"
 864      74727563 
 864      745F7365 
 864      72766F00 
 865              	.LASF2:
 866 0134 73686F72 		.ascii	"short int\000"
 866      7420696E 
 866      7400
 867              	.LASF22:
 868 013e 7365745F 		.ascii	"set_servo_pos\000"
 868      73657276 
 868      6F5F706F 
 868      7300
 869              	.LASF12:
 870 014c 75696E74 		.ascii	"uint16\000"
 870      313600
 871              	.LASF13:
 872 0153 696E7438 		.ascii	"int8\000"
 872      00
 873              	.LASF28:
 874 0158 696E6974 		.ascii	"init_servos\000"
 874      5F736572 
 874      766F7300 
 875              	.LASF8:
 876 0164 756E7369 		.ascii	"unsigned int\000"
 876      676E6564 
ARM GAS  C:\Users\Michael\AppData\Local\Temp\ccgW2ayJ.s 			page 18


 876      20696E74 
 876      00
 877              	.LASF7:
 878 0171 6C6F6E67 		.ascii	"long long unsigned int\000"
 878      206C6F6E 
 878      6720756E 
 878      7369676E 
 878      65642069 
 879              	.LASF25:
 880 0188 474E5520 		.ascii	"GNU C 4.9.3 20150303 (release) [ARM/embedded-4_9-br"
 880      4320342E 
 880      392E3320 
 880      32303135 
 880      30333033 
 881 01bb 616E6368 		.ascii	"anch revision 221220] -mcpu=cortex-m3 -mthumb -g -O"
 881      20726576 
 881      6973696F 
 881      6E203232 
 881      31323230 
 882 01ee 67202D66 		.ascii	"g -ffunction-sections -ffat-lto-objects\000"
 882      66756E63 
 882      74696F6E 
 882      2D736563 
 882      74696F6E 
 883              	.LASF10:
 884 0216 696E7433 		.ascii	"int32_t\000"
 884      325F7400 
 885              	.LASF18:
 886 021e 73697A65 		.ascii	"sizetype\000"
 886      74797065 
 886      00
 887              	.LASF6:
 888 0227 6C6F6E67 		.ascii	"long long int\000"
 888      206C6F6E 
 888      6720696E 
 888      7400
 889              	.LASF29:
 890 0235 706F735F 		.ascii	"pos_microseconds\000"
 890      6D696372 
 890      6F736563 
 890      6F6E6473 
 890      00
 891              	.LASF31:
 892 0246 48656164 		.ascii	"Head_Servo_PWM_Start\000"
 892      5F536572 
 892      766F5F50 
 892      574D5F53 
 892      74617274 
 893              	.LASF26:
 894 025b 2E5C7365 		.ascii	".\\servo.c\000"
 894      72766F2E 
 894      6300
 895              	.LASF11:
 896 0265 75696E74 		.ascii	"uint8\000"
 896      3800
 897              	.LASF4:
 898 026b 6C6F6E67 		.ascii	"long int\000"
ARM GAS  C:\Users\Michael\AppData\Local\Temp\ccgW2ayJ.s 			page 19


 898      20696E74 
 898      00
 899              	.LASF17:
 900 0274 63686172 		.ascii	"char\000"
 900      00
 901              	.LASF19:
 902 0279 6C6F6E67 		.ascii	"long double\000"
 902      20646F75 
 902      626C6500 
 903              	.LASF21:
 904 0285 73657276 		.ascii	"servo\000"
 904      6F00
 905              	.LASF0:
 906 028b 7369676E 		.ascii	"signed char\000"
 906      65642063 
 906      68617200 
 907              		.ident	"GCC: (GNU Tools for ARM Embedded Processors) 4.9.3 20150303 (release) [ARM/embedded-4_9-br
